<?xml version="1.0" encoding="UTF-8"?>
<!-- Generated by org.testng.reporters.JUnitXMLReporter -->
<testsuite ignored="0" hostname="WKWZTeXES9vddfM" failures="0" tests="4" name="Default test" time="2.804" errors="0" timestamp="2022-07-31T16:11:55 IST">
  <testcase classname="com.restassured.testclasses.TestExample" name="testGet" time="1.947"/>
  <testcase classname="com.restassured.testclasses.TestExample" name="testPost" time="0.583"/>
  <testcase classname="com.restassured.testclasses.TestExample" name="test_1" time="0.091"/>
  <testcase classname="com.restassured.testclasses.TestExample" name="test_2" time="0.142"/>
</testsuite> <!-- Default test -->
